TN:
SF:/Users/danielcobb/Desktop/webdev/node/URL-Shortener/src/models/db.js
FNF:0
FNH:0
DA:10,1
DA:12,1
DA:14,1
DA:28,1
DA:51,1
DA:74,1
DA:77,1
DA:78,1
DA:79,1
LF:9
LH:9
BRF:0
BRH:0
end_of_record
TN:
SF:/Users/danielcobb/Desktop/webdev/node/URL-Shortener/src/server.js
FNF:0
FNH:0
DA:10,1
DA:11,1
DA:13,1
DA:14,1
DA:15,1
DA:17,1
DA:20,1
DA:21,1
DA:26,1
DA:28,1
DA:30,1
DA:33,1
DA:34,1
DA:39,1
DA:40,1
LF:15
LH:15
BRF:0
BRH:0
end_of_record
TN:
SF:/Users/danielcobb/Desktop/webdev/node/URL-Shortener/src/routes/app.js
FN:16,(anonymous_1)
FN:21,(anonymous_2)
FNF:2
FNH:2
FNDA:3,(anonymous_1)
FNDA:1,(anonymous_2)
DA:10,1
DA:12,1
DA:14,1
DA:17,3
DA:22,1
DA:23,1
DA:27,1
DA:30,1
DA:32,1
DA:34,1
DA:35,1
DA:44,0
DA:45,0
DA:46,0
DA:58,1
DA:59,1
DA:61,1
DA:63,1
DA:64,1
DA:76,0
DA:77,0
DA:78,0
DA:90,1
DA:91,1
DA:93,1
DA:95,1
DA:96,1
DA:108,0
DA:109,0
DA:120,1
DA:121,1
DA:123,1
DA:125,1
DA:126,1
DA:138,0
DA:139,0
DA:140,0
DA:152,1
DA:154,1
DA:156,1
DA:157,1
DA:158,1
DA:159,1
DA:171,0
DA:172,0
DA:173,0
DA:186,1
DA:188,1
DA:190,1
DA:191,0
DA:192,0
DA:202,1
DA:203,1
DA:204,1
DA:218,1
DA:220,1
DA:221,1
DA:222,1
DA:224,1
DA:226,1
DA:228,1
DA:230,1
DA:236,1
DA:237,1
DA:238,1
DA:239,1
DA:251,0
DA:252,0
DA:253,0
DA:265,1
LF:70
LH:51
BRF:0
BRH:0
end_of_record
TN:
SF:/Users/danielcobb/Desktop/webdev/node/URL-Shortener/src/modules/shortener.js
FNF:0
FNH:0
DA:8,1
DA:10,1
DA:12,1
DA:14,1
DA:16,1
DA:18,1
DA:20,1
DA:22,1
DA:23,1
DA:25,1
DA:27,1
DA:33,1
DA:42,1
LF:13
LH:13
BRF:0
BRH:0
end_of_record
TN:
SF:/Users/danielcobb/Desktop/webdev/node/URL-Shortener/src/models/url.js
FNF:0
FNH:0
DA:10,1
DA:13,1
DA:14,1
DA:17,1
DA:18,1
DA:21,1
DA:22,2
DA:34,1
DA:35,2
DA:46,1
DA:47,1
DA:59,1
DA:60,1
DA:64,1
DA:65,1
DA:76,1
DA:77,1
DA:82,1
LF:18
LH:18
BRF:0
BRH:0
end_of_record
TN:
SF:/Users/danielcobb/Desktop/webdev/node/URL-Shortener/src/routes/go.js
FN:13,(anonymous_1)
FNF:1
FNH:1
FNDA:2,(anonymous_1)
DA:9,1
DA:10,1
DA:14,2
DA:18,1
DA:20,1
DA:22,1
DA:24,1
DA:26,1
DA:28,1
DA:30,1
DA:32,0
DA:33,0
DA:43,1
DA:44,1
DA:54,0
DA:69,1
DA:71,1
DA:73,1
DA:75,1
DA:77,1
DA:79,0
DA:80,0
DA:90,1
DA:91,1
DA:101,0
DA:114,1
LF:26
LH:20
BRDA:30,1,0,0
BRDA:30,1,1,1
BRDA:30,2,0,1
BRDA:30,2,1,1
BRDA:77,3,0,0
BRDA:77,3,1,1
BRDA:77,4,0,1
BRDA:77,4,1,1
BRF:8
BRH:6
end_of_record
TN:
SF:/Users/danielcobb/Desktop/webdev/node/URL-Shortener/src/routes/link.js
FN:17,(anonymous_1)
FNF:1
FNH:1
FNDA:1,(anonymous_1)
DA:9,1
DA:10,1
DA:11,1
DA:13,1
DA:15,1
DA:18,1
DA:22,1
DA:25,1
DA:27,1
DA:29,1
DA:31,1
DA:33,1
DA:35,0
DA:36,0
DA:46,1
DA:47,1
DA:57,0
DA:69,1
DA:70,0
DA:71,0
DA:76,0
DA:79,0
DA:80,0
DA:81,0
DA:82,0
DA:84,0
DA:85,0
DA:88,0
DA:90,1
LF:29
LH:16
BRDA:33,1,0,0
BRDA:33,1,1,1
BRDA:33,2,0,1
BRDA:33,2,1,1
BRDA:70,3,0,0
BRDA:70,3,1,0
BRDA:80,4,0,0
BRDA:80,4,1,0
BRF:8
BRH:3
end_of_record
